<?xml version="1.0" encoding="utf-8"?><testsuites name="pytest tests"><testsuite name="pytest" errors="0" failures="1" skipped="0" tests="18" time="11.626" timestamp="2026-09-07T11:44:44.319288+00:00" hostname="agent-env-14227507-0305-478d-a81e-434eef84e94c"><testcase classname="tests.test_collab_iter6.TestAdminCollabs" name="test_admin_routes_require_auth" time="0.591" /><testcase classname="tests.test_collab_iter6.TestPartner" name="test_login_case_and_dash_insensitive" time="0.940" /><testcase classname="tests.test_collab_iter6.TestPartner" name="test_wrong_code_401" time="0.132" /><testcase classname="tests.test_collab_iter6.TestAdminCollabs" name="test_create_collab_returns_code_and_hint" time="0.768" /><testcase classname="tests.test_collab_iter6.TestPartner" name="test_brute_force_lockout" time="1.166"><failure message="assert 500 == 429&#10; +  where 500 = &lt;Response [500]&gt;.status_code">backend/tests/test_collab_iter6.py:200: in test_brute_force_lockout
    assert r.status_code == 429
E   assert 500 == 429
E    +  where 500 = &lt;Response [500]&gt;.status_code</failure></testcase><testcase classname="tests.test_collab_iter6.TestAdminCollabs" name="test_invalid_owner_x" time="0.116" /><testcase classname="tests.test_collab_iter6.TestAdminCollabs" name="test_invalid_tweet_url" time="0.160" /><testcase classname="tests.test_collab_iter6.TestAdminCollabs" name="test_list_collabs" time="0.514" /><testcase classname="tests.test_collab_iter6.TestAdminCollabs" name="test_update_and_shrink_below_allocated" time="1.638" /><testcase classname="tests.test_collab_iter6.TestPartner" name="test_wallet_limits_and_dup" time="1.455" /><testcase classname="tests.test_collab_iter6.TestPartner" name="test_same_wallet_in_different_collab" time="2.498" /><testcase classname="tests.test_collab_iter6.TestAdminCollabs" name="test_rotate_code_invalidates_old" time="2.418" /><testcase classname="tests.test_collab_iter6.TestAdminCollabs" name="test_delete_removes_wallets" time="1.621" /><testcase classname="tests.test_collab_iter6.TestPartner" name="test_remove_wallet_cross_collab_404" time="2.521" /><testcase classname="tests.test_collab_iter6.TestAdminCollabs" name="test_unknown_id_404" time="0.533" /><testcase classname="tests.test_collab_iter6.TestAdminCollabs" name="test_admin_wallets_lists" time="2.242" /><testcase classname="tests.test_collab_iter6.TestPartner" name="test_tweet_set_and_clear" time="1.391" /><testcase classname="tests.test_collab_iter6.TestLedger" name="test_ledger_no_auth_no_secrets" time="1.180" /></testsuite></testsuites>