<?xml version="1.0" encoding="utf-8"?><testsuites name="pytest tests"><testsuite name="pytest" errors="0" failures="0" skipped="0" tests="15" time="12.174" timestamp="2026-09-05T18:44:07.064089+00:00" hostname="agent-env-db9e1d11-9758-4883-a530-cc98668754ed"><testcase classname="tests.test_referral_vip" name="test_settings_defaults_present" time="0.214" /><testcase classname="tests.test_referral_vip" name="test_settings_put_new_fields_roundtrip" time="0.149" /><testcase classname="tests.test_referral_vip" name="test_settings_put_without_new_fields_uses_defaults" time="0.101" /><testcase classname="tests.test_referral_vip" name="test_early_list_projection" time="0.054" /><testcase classname="tests.test_referral_vip" name="test_referral_ref_self_ignored" time="0.055" /><testcase classname="tests.test_referral_vip" name="test_referral_ref_unknown_ignored" time="0.051" /><testcase classname="tests.test_referral_vip" name="test_referral_flow_credits_both_sides" time="0.472" /><testcase classname="tests.test_referral_vip" name="test_referral_idempotent_on_re_complete" time="0.622" /><testcase classname="tests.test_referral_vip" name="test_vip_nonce_requires_token" time="0.050" /><testcase classname="tests.test_referral_vip" name="test_vip_nonce_participant_message" time="0.102" /><testcase classname="tests.test_referral_vip" name="test_vip_check_requires_completed" time="0.159" /><testcase classname="tests.test_referral_vip" name="test_vip_check_invalid_address" time="0.357" /><testcase classname="tests.test_referral_vip" name="test_vip_check_wrong_message" time="0.306" /><testcase classname="tests.test_referral_vip" name="test_vip_check_signer_mismatch" time="0.368" /><testcase classname="tests.test_referral_vip" name="test_vip_check_valid_zero_volume_then_cooldown" time="8.338" /></testsuite></testsuites>