<?xml version="1.0" encoding="utf-8"?><testsuites name="pytest tests"><testsuite name="pytest" errors="0" failures="0" skipped="0" tests="16" time="2.546" timestamp="2026-09-05T18:07:19.635083+00:00" hostname="agent-env-db9e1d11-9758-4883-a530-cc98668754ed"><testcase classname="tests.test_early_admin" name="test_config" time="0.162" /><testcase classname="tests.test_early_admin" name="test_register_invalid_x" time="0.058" /><testcase classname="tests.test_early_admin" name="test_register_invalid_wallet" time="0.054" /><testcase classname="tests.test_early_admin" name="test_register_and_reregister_idempotent" time="0.114" /><testcase classname="tests.test_early_admin" name="test_register_wallet_conflict" time="0.124" /><testcase classname="tests.test_early_admin" name="test_register_xname_conflict" time="0.117" /><testcase classname="tests.test_early_admin" name="test_tasks_require_token" time="0.054" /><testcase classname="tests.test_early_admin" name="test_tasks_unknown" time="0.127" /><testcase classname="tests.test_early_admin" name="test_tasks_all_three" time="0.286" /><testcase classname="tests.test_early_admin" name="test_admin_route_rejects_participant" time="0.059" /><testcase classname="tests.test_early_admin" name="test_early_list_completed_only" time="0.055" /><testcase classname="tests.test_early_admin" name="test_admin_login_wrong" time="0.063" /><testcase classname="tests.test_early_admin" name="test_admin_me" time="0.112" /><testcase classname="tests.test_early_admin" name="test_admin_settings_roundtrip" time="0.176" /><testcase classname="tests.test_early_admin" name="test_admin_daily_crud_and_complete" time="0.537" /><testcase classname="tests.test_early_admin" name="test_admin_participants" time="0.060" /></testsuite></testsuites>