<?xml version="1.0" encoding="utf-8"?><testsuites name="pytest tests"><testsuite name="pytest" errors="0" failures="0" skipped="0" tests="11" time="2.440" timestamp="2026-09-07T10:13:16.571900+00:00" hostname="agent-env-14227507-0305-478d-a81e-434eef84e94c"><testcase classname="tests.test_early_iter5" name="test_mode_prefix_vs_contains" time="0.266" /><testcase classname="tests.test_early_iter5" name="test_matched_is_db_count" time="0.307" /><testcase classname="tests.test_early_iter5" name="test_bulk_delete_empty_q" time="0.042" /><testcase classname="tests.test_early_iter5" name="test_bulk_delete_bad_confirm" time="0.042" /><testcase classname="tests.test_early_iter5" name="test_bulk_delete_query_success" time="0.305" /><testcase classname="tests.test_early_iter5" name="test_bulk_delete_pending_keeps_completed" time="0.566" /><testcase classname="tests.test_early_iter5" name="test_bulk_delete_ids_mode" time="0.263" /><testcase classname="tests.test_early_iter5" name="test_bulk_delete_ids_empty" time="0.042" /><testcase classname="tests.test_early_iter5" name="test_bulk_delete_ids_unknown" time="0.043" /><testcase classname="tests.test_early_iter5" name="test_bulk_delete_no_auth" time="0.042" /><testcase classname="tests.test_early_iter5" name="test_bulk_delete_invalidates_jwt" time="0.214" /></testsuite></testsuites>