<?xml version="1.0" encoding="utf-8"?><testsuites name="pytest tests"><testsuite name="pytest" errors="0" failures="0" skipped="0" tests="13" time="1.644" timestamp="2026-09-07T09:48:37.729219+00:00" hostname="agent-env-14227507-0305-478d-a81e-434eef84e94c"><testcase classname="tests.test_early_iter4.TestRateLimit" name="test_valid_register_succeeds" time="0.007" /><testcase classname="tests.test_early_iter4.TestRateLimit" name="test_same_ip_different_cid_blocked" time="0.087" /><testcase classname="tests.test_early_iter4.TestRateLimit" name="test_same_cid_different_ip_blocked" time="0.087" /><testcase classname="tests.test_early_iter4.TestRateLimit" name="test_invalid_wallet_does_not_consume_limit" time="0.087" /><testcase classname="tests.test_early_iter4.TestRateLimit" name="test_invalid_x_does_not_consume_limit" time="0.087" /><testcase classname="tests.test_early_iter4.TestAdminParticipants" name="test_shape_and_sort" time="0.657" /><testcase classname="tests.test_early_iter4.TestAdminParticipants" name="test_filter_completed" time="0.046" /><testcase classname="tests.test_early_iter4.TestAdminParticipants" name="test_filter_pending" time="0.044" /><testcase classname="tests.test_early_iter4.TestAdminParticipants" name="test_search_by_xusername" time="0.044" /><testcase classname="tests.test_early_iter4.TestAdminParticipants" name="test_search_by_wallet_fragment" time="0.044" /><testcase classname="tests.test_early_iter4.TestAdminParticipants" name="test_search_by_ticket_no" time="0.213" /><testcase classname="tests.test_early_iter4.TestDelete" name="test_delete_flow" time="0.129" /><testcase classname="tests.test_early_iter4.TestDelete" name="test_delete_requires_auth" time="0.042" /></testsuite></testsuites>