<?xml version="1.0" encoding="utf-8"?><testsuites name="pytest tests"><testsuite name="pytest" errors="0" failures="0" skipped="0" tests="5" time="10.663" timestamp="2026-09-06T06:57:58.792172+00:00" hostname="agent-env-ba022711-5f5f-48b4-bdb1-1704d6a113c0"><testcase classname="tests.test_vip_check" name="test_root_ok" time="0.229" /><testcase classname="tests.test_vip_check" name="test_config_ok" time="0.143" /><testcase classname="tests.test_vip_check" name="test_vip_check_success" time="8.191" /><testcase classname="tests.test_vip_check" name="test_vip_check_cooldown_429" time="0.125" /><testcase classname="tests.test_vip_check" name="test_vip_check_invalid_signature_401" time="0.491" /></testsuite></testsuites>